<?xml version="1.0" encoding="UTF-8"?>
<robot generated="20180524 21:19:44.631" generator="Robot 3.0.4 (Python 2.7.10 on darwin)">
<suite source="/Volumes/BIGDATA/Project/lyra/core/frontend/static/out/4567733200/4567733200_TC.html" id="s1" name="4567733200 TC">
<test id="s1-t1" name="Test case 1 temp 1">
<kw name="Log" library="BuiltIn">
<doc>Logs the given message with the given level.</doc>
<arguments>
<arg>ciaone</arg>
</arguments>
<msg timestamp="20180524 21:19:45.141" level="INFO">ciaone</msg>
<status status="PASS" endtime="20180524 21:19:45.141" starttime="20180524 21:19:45.140"></status>
</kw>
<kw name="Open Browser" library="Selenium2Library">
<doc>Opens a new browser instance to given URL.</doc>
<arguments>
<arg>http://www.google.it</arg>
<arg>gc</arg>
</arguments>
<msg timestamp="20180524 21:19:45.142" level="INFO">Opening browser 'gc' to base url 'http://www.google.it'</msg>
<kw name="Capture Page Screenshot" library="Selenium2Library">
<doc>Takes a screenshot of the current page and embeds it into the log.</doc>
<msg timestamp="20180524 21:19:45.169" level="FAIL">No browser is open</msg>
<status status="FAIL" endtime="20180524 21:19:45.169" starttime="20180524 21:19:45.164"></status>
</kw>
<msg timestamp="20180524 21:19:45.169" level="WARN">Keyword 'Capture Page Screenshot' could not be run on failure: No browser is open</msg>
<msg timestamp="20180524 21:19:45.182" level="FAIL">WebDriverException: Message: 'chromedriver' executable needs to be in PATH. Please see https://sites.google.com/a/chromium.org/chromedriver/home
</msg>
<status status="FAIL" endtime="20180524 21:19:45.182" starttime="20180524 21:19:45.141"></status>
</kw>
<status status="FAIL" endtime="20180524 21:19:45.183" critical="yes" starttime="20180524 21:19:45.139">WebDriverException: Message: 'chromedriver' executable needs to be in PATH. Please see https://sites.google.com/a/chromium.org/chromedriver/home
</status>
</test>
<status status="FAIL" endtime="20180524 21:19:45.184" starttime="20180524 21:19:44.637"></status>
</suite>
<statistics>
<total>
<stat fail="1" pass="0">Critical Tests</stat>
<stat fail="1" pass="0">All Tests</stat>
</total>
<tag>
</tag>
<suite>
<stat fail="1" id="s1" name="4567733200 TC" pass="0">4567733200 TC</stat>
</suite>
</statistics>
<errors>
<msg timestamp="20180524 21:19:45.169" level="WARN">Keyword 'Capture Page Screenshot' could not be run on failure: No browser is open</msg>
</errors>
</robot>
